<?xml version="1.0" encoding="UTF-8"?>
<!-- Generated by org.testng.reporters.JUnitReportReporter -->
<testsuite hostname="LTIN291828" failures="0" tests="3" name="casestudy_2.GettingResource" time="3.897" errors="0" timestamp="2023-12-18T12:41:47 IST" skipped="0">
  <testcase classname="casestudy_2.GettingResource" name="gettodos" time="2.350"/>
  <testcase classname="casestudy_2.GettingResource" name="singleUser" time="0.363"/>
  <testcase classname="casestudy_2.GettingResource" name="createUser" time="1.184"/>
</testsuite> <!-- casestudy_2.GettingResource -->
